<?xml version="1.0" encoding="UTF-8"?>
<testng-results ignored="0" total="1" passed="1" failed="0" skipped="0">
  <reporter-output>
  </reporter-output>
  <suite started-at="2026-01-15T19:53:27 IST" name="Default suite" finished-at="2026-01-15T19:53:34 IST" duration-ms="6962">
    <groups>
    </groups>
    <test started-at="2026-01-15T19:53:27 IST" name="Default test" finished-at="2026-01-15T19:53:34 IST" duration-ms="6962">
      <class name="com.parabank.tests.RegistrationLoginTest">
        <test-method is-config="true" signature="setUp()[pri:0, instance:com.parabank.tests.RegistrationLoginTest@3590fc5b]" started-at="2026-01-15T19:53:27 IST" name="setUp" finished-at="2026-01-15T19:53:29 IST" duration-ms="2050" status="PASS">
          <reporter-output>
          </reporter-output>
        </test-method> <!-- setUp -->
        <test-method signature="registrationAndLoginTest(java.lang.String,java.lang.String,java.lang.String,java.lang.String,java.lang.String,java.lang.String,java.lang.String,java.lang.String)[pri:0, instance:com.parabank.tests.RegistrationLoginTest@3590fc5b]" started-at="2026-01-15T19:53:29 IST" name="registrationAndLoginTest" data-provider="userData" finished-at="2026-01-15T19:53:33 IST" duration-ms="4670" status="PASS">
          <params>
            <param index="0">
              <value>
                <![CDATA[Nithya]]>
              </value>
            </param>
            <param index="1">
              <value>
                <![CDATA[Jayachandran]]>
              </value>
            </param>
            <param index="2">
              <value>
                <![CDATA[Test Street]]>
              </value>
            </param>
            <param index="3">
              <value>
                <![CDATA[Chennai]]>
              </value>
            </param>
            <param index="4">
              <value>
                <![CDATA[TN]]>
              </value>
            </param>
            <param index="5">
              <value>
                <![CDATA[600001]]>
              </value>
            </param>
            <param index="6">
              <value>
                <![CDATA[9876543210]]>
              </value>
            </param>
            <param index="7">
              <value>
                <![CDATA[123456789]]>
              </value>
            </param>
          </params>
          <reporter-output>
          </reporter-output>
        </test-method> <!-- registrationAndLoginTest -->
        <test-method is-config="true" signature="tearDown()[pri:0, instance:com.parabank.tests.RegistrationLoginTest@3590fc5b]" started-at="2026-01-15T19:53:33 IST" name="tearDown" finished-at="2026-01-15T19:53:34 IST" duration-ms="191" status="PASS">
          <reporter-output>
          </reporter-output>
        </test-method> <!-- tearDown -->
      </class> <!-- com.parabank.tests.RegistrationLoginTest -->
    </test> <!-- Default test -->
  </suite> <!-- Default suite -->
</testng-results>
